DropoutAugmentor
	doc_count=30000
	src_input_path=preprocessed/data.hi
	tgt_input_path=preprocessed/data.en
	src_lang=hi
	tgt_lang=en
	p=0.05
	random_state=1
Note: Words are 0-indexed.
------------------------------
src_doc: 'वर्तमान में , 38 टीएसडीएफ में क्रमशः 17 एकीकृत टीएसडीएफ , 13 <unk> कोमन <unk> <unk> और 8 <unk> कोमन <unk> <unk> और 4 स्टेट्स / <unk> में उपलब्ध हैं ।'
	Dropped word '<unk>' at index 21.
tgt_doc: 'At present , 38 <unk> include 17 Integrated <unk> , 13 <unk> Common Secure <unk> and 8 <unk> Common <unk> are available in 10 <unk> and 4 <unk> respectively .'
	Dropped word 'present' at index 1.
	Dropped word ',' at index 9.
augmented_src_doc: 'वर्तमान में , 38 टीएसडीएफ में क्रमशः 17 एकीकृत टीएसडीएफ , 13 <unk> कोमन <unk> <unk> और 8 <unk> कोमन <unk> और 4 स्टेट्स / <unk> में उपलब्ध हैं ।'
augmented_tgt_doc: 'At , 38 <unk> include 17 Integrated <unk> 13 <unk> Common Secure <unk> and 8 <unk> Common <unk> are available in 10 <unk> and 4 <unk> respectively .'
------------------------------
src_doc: 'ये राज्य / केंद्र शासित प्रदेश क्रमशः कुल देश के 8 % और देश में कुल खतरनाक अपशिष्ट कचरे के 88 । 19 % का योगदान करते हैं ।'
	Dropped word 'करते' at index 26.
tgt_doc: 'These States <unk> contribute about <unk> % of total <unk> and <unk> % of total <unk> hazardous wastes generation in the country respectively .'
	Dropped word 'in' at index 19.
augmented_src_doc: 'ये राज्य / केंद्र शासित प्रदेश क्रमशः कुल देश के 8 % और देश में कुल खतरनाक अपशिष्ट कचरे के 88 । 19 % का योगदान हैं ।'
augmented_tgt_doc: 'These States <unk> contribute about <unk> % of total <unk> and <unk> % of total <unk> hazardous wastes generation the country respectively .'
------------------------------
src_doc: '2013 - 14 के दौरान , देश भर में खतरनाक कचरे के लिए टीएसडीएफ की दो चालू / नई परियोजनाओं की स्थापना के लिए वित्तीय सहायता प्रदान की गई है ।'
	Dropped word '/' at index 17.
tgt_doc: 'During 2013-14 , financial assistance has been provided for setting up of two <unk> projects of <unk> for hazardous wastes across the country .'
	Dropped word 'been' at index 6.
	Dropped word '<unk>' at index 13.
augmented_src_doc: '2013 - 14 के दौरान , देश भर में खतरनाक कचरे के लिए टीएसडीएफ की दो चालू नई परियोजनाओं की स्थापना के लिए वित्तीय सहायता प्रदान की गई है ।'
augmented_tgt_doc: 'During 2013-14 , financial assistance has provided for setting up of two projects of <unk> for hazardous wastes across the country .'
------------------------------
src_doc: 'ई - कचरा प्रबंधनः'
	Dropped word 'कचरा' at index 2.
tgt_doc: '<unk> Management :'
augmented_src_doc: 'ई - प्रबंधनः'
augmented_tgt_doc: '<unk> Management :'
------------------------------
src_doc: 'पर्यावरण और वन मंत्रालय ने मई 2011 में ई - कचरा नियमों को अधिसूचित किया है , जो 1 मई 2012 से प्रभावी हो गया है ।'
	Dropped word 'गया' at index 24.
tgt_doc: 'The Ministry of Environment and Forest , has notified <unk> Rules in May 2011 , which has come into force with effect from 1st May 2012 .'
	Dropped word 'notified' at index 8.
augmented_src_doc: 'पर्यावरण और वन मंत्रालय ने मई 2011 में ई - कचरा नियमों को अधिसूचित किया है , जो 1 मई 2012 से प्रभावी हो है ।'
augmented_tgt_doc: 'The Ministry of Environment and Forest , has <unk> Rules in May 2011 , which has come into force with effect from 1st May 2012 .'
------------------------------
src_doc: 'इन नियमों में विस्तारित निर्माता जिम्मेदारी ( <unk> ) की अवधारणा को सुनिश्चित किया गया है ।'
tgt_doc: 'The concept of <unk> <unk> Responsibility ( <unk> ) has been enshrined in these rules .'
	Dropped word '<unk>' at index 4.
	Dropped word '(' at index 6.
augmented_src_doc: 'इन नियमों में विस्तारित निर्माता जिम्मेदारी ( <unk> ) की अवधारणा को सुनिश्चित किया गया है ।'
augmented_tgt_doc: 'The concept of <unk> Responsibility <unk> ) has been enshrined in these rules .'
------------------------------
src_doc: 'इन नियमों के अनुसार , <unk> को संग्रह केंद्रों की स्थापना करके या व्यक्तिगत रूप से या सामूहिक रूप से सिस्टम वापस लेकर अपने उत्पादों के जीवन के अंत से उत्पन्न ई - कचरे को इकट्ठा करना आवश्यक है ।'
	Dropped word 'करके' at index 11.
	Dropped word 'इकट्ठा' at index 35.
tgt_doc: 'As per these Rules the producers are required to collect <unk> generated from the end of life of their products by setting up collections centers or take back systems either individually or collectively .'
augmented_src_doc: 'इन नियमों के अनुसार , <unk> को संग्रह केंद्रों की स्थापना या व्यक्तिगत रूप से या सामूहिक रूप से सिस्टम वापस लेकर अपने उत्पादों के जीवन के अंत से उत्पन्न ई - कचरे को करना आवश्यक है ।'
augmented_tgt_doc: 'As per these Rules the producers are required to collect <unk> generated from the end of life of their products by setting up collections centers or take back systems either individually or collectively .'
------------------------------
src_doc: 'ई - कचरे की <unk> को केवल राज्य प्रदूषण नियंत्रण बोर्डों / प्रदूषण नियंत्रण समिति ( पीसीसी ) के साथ अधिकृत और पंजीकृत सुविधाओं में ही किया जा सकता है ।'
	Dropped word 'पंजीकृत' at index 22.
	Dropped word 'जा' at index 27.
	Dropped word 'है' at index 29.
tgt_doc: '<unk> <unk> can be undertaken only in facilities authorized and registered with State Pollution Control <unk> Control Committee ( <unk> ) .'
	Dropped word 'Control' at index 14.
augmented_src_doc: 'ई - कचरे की <unk> को केवल राज्य प्रदूषण नियंत्रण बोर्डों / प्रदूषण नियंत्रण समिति ( पीसीसी ) के साथ अधिकृत और सुविधाओं में ही किया सकता ।'
augmented_tgt_doc: '<unk> <unk> can be undertaken only in facilities authorized and registered with State Pollution <unk> Control Committee ( <unk> ) .'
------------------------------
src_doc: 'उत्पन्न कचरे को एक पंजीकृत या अधिकृत <unk> या फिर से <unk> को बेचा जाना चाहिए , जिसमें पर्यावरणीय रूप से ध्वनि की सुविधा हो ।'
	Dropped word 'से' at index 10.
tgt_doc: '<unk> generated are required to be sold to a registered or authorized <unk> or <unk> having environmentally sound facilities .'
augmented_src_doc: 'उत्पन्न कचरे को एक पंजीकृत या अधिकृत <unk> या फिर <unk> को बेचा जाना चाहिए , जिसमें पर्यावरणीय रूप से ध्वनि की सुविधा हो ।'
augmented_tgt_doc: '<unk> generated are required to be sold to a registered or authorized <unk> or <unk> having environmentally sound facilities .'
------------------------------
src_doc: 'नियम में व्यक्तिगत रूप से या संयुक्त रूप से संग्रह केंद्र स्थापित करने का प्रावधान है ; या एक पंजीकृत समाज या एक नामित एजेंसी द्वारा ; या ई - कचरा एकत्र करने के लिए एक संघ द्वारा ।'
	Dropped word 'से' at index 8.
	Dropped word 'या' at index 17.
	Dropped word 'कचरा' at index 30.
tgt_doc: 'The rule has provision for setting up of Collection Centre individually or jointly ; or by a registered society or a designated agency ; or by an association to collect <unk> .'
augmented_src_doc: 'नियम में व्यक्तिगत रूप से या संयुक्त रूप संग्रह केंद्र स्थापित करने का प्रावधान है ; एक पंजीकृत समाज या एक नामित एजेंसी द्वारा ; या ई - एकत्र करने के लिए एक संघ द्वारा ।'
augmented_tgt_doc: 'The rule has provision for setting up of Collection Centre individually or jointly ; or by a registered society or a designated agency ; or by an association to collect <unk> .'
------------------------------
src_doc: 'ये नियम ई - कचरे के पर्यावरणीय ध्वनि प्रबंधन को सुनिश्चित करने के लिए मुख्य साधन हैं ।'
	Dropped word 'के' at index 12.
	Dropped word 'साधन' at index 15.
tgt_doc: 'These rules are the main instrument to ensure environmentally sound management of <unk> .'
	Dropped word 'instrument' at index 5.
	Dropped word 'ensure' at index 7.
augmented_src_doc: 'ये नियम ई - कचरे के पर्यावरणीय ध्वनि प्रबंधन को सुनिश्चित करने लिए मुख्य हैं ।'
augmented_tgt_doc: 'These rules are the main to environmentally sound management of <unk> .'
------------------------------
