TDAugmentor
	doc_count=30000
	src_input_path=preprocessed/data.hi
	tgt_input_path=preprocessed/data.en
	src_lang=hi
	tgt_lang=en
	rare_word_count=3000
	src_vocab_dir=vocab
Note:
* Words are 0-indexed.
* Context consists of all words before current word, but logs show only the last five words.
* context [a / b] means a is the current word, b is the prediction of the language model using the context.
------------------------------
src_doc='वर्तमान में , 38 टीएसडीएफ में क्रमशः 17 एकीकृत टीएसडीएफ , 13 <unk> कोमन <unk> <unk> और 8 <unk> कोमन <unk> <unk> और 4 स्टेट्स / <unk> में उपलब्ध हैं ।'
tgt_doc='At present , 38 <unk> include 17 Integrated <unk> , 13 <unk> Common Secure <unk> and 8 <unk> Common <unk> are available in 10 <unk> and 4 <unk> respectively .'

context='वर्तमान' ['में' / 'समय']
	Did NOT replace word 'में' at index 1 as 'समय' is NOT a rare word.
context='वर्तमान में' [',' / 'भारत']
	Did NOT replace word ',' at index 2 as 'भारत' is NOT a rare word.
context='वर्तमान में ,' ['38' / 'गति']
	Did NOT replace word '38' at index 3 as 'गति' is NOT a rare word.
context='वर्तमान में , 38' ['टीएसडीएफ' / 'वें']
	Did NOT replace word 'टीएसडीएफ' at index 4 as 'वें' is NOT a rare word.
context='वर्तमान में , 38 टीएसडीएफ' ['में' / 'या']
	Did NOT replace word 'में' at index 5 as 'या' is NOT a rare word.
context='में , 38 टीएसडीएफ में' ['क्रमशः' / 'भाग']
	Did NOT replace word 'क्रमशः' at index 6 as 'भाग' is NOT a rare word.
context=', 38 टीएसडीएफ में क्रमशः' ['17' / '5']
	Did NOT replace word '17' at index 7 as '5' is NOT a rare word.
context='38 टीएसडीएफ में क्रमशः 17' ['एकीकृत' / '2']
	Did NOT replace word 'एकीकृत' at index 8 as '2' is NOT a rare word.
context='टीएसडीएफ में क्रमशः 17 एकीकृत' ['टीएसडीएफ' / ',']
	Did NOT replace word 'टीएसडीएफ' at index 9 as ',' is NOT a rare word.
context='में क्रमशः 17 एकीकृत टीएसडीएफ' [',' / 'डी']
	Did NOT replace word ',' at index 10 as 'डी' is NOT a rare word.
context='क्रमशः 17 एकीकृत टीएसडीएफ ,' ['13' / 'न्नामलाई']
	Did NOT replace word '13' at index 11 as 'न्नामलाई' is NOT a rare word.
context='17 एकीकृत टीएसडीएफ , 13' ['<unk>' / 'ड्यू']
	Did NOT replace word '<unk>' at index 12 as 'ड्यू' is NOT a rare word.
context='एकीकृत टीएसडीएफ , 13 <unk>' ['कोमन' / ',']
	Did NOT replace word 'कोमन' at index 13 as ',' is NOT a rare word.
context='टीएसडीएफ , 13 <unk> कोमन' ['<unk>' / 'िट्ज']
	Did NOT replace word '<unk>' at index 14 as 'िट्ज' is NOT a rare word.
context=', 13 <unk> कोमन <unk>' ['<unk>' / 'साँचा']
	Did NOT replace word '<unk>' at index 15 as 'साँचा' is NOT a rare word.
context='13 <unk> कोमन <unk> <unk>' ['और' / 's']
	Did NOT replace word 'और' at index 16 as 's' is NOT a rare word.
context='<unk> कोमन <unk> <unk> और' ['8' / 'योद्धाओं']
	Did NOT replace word '8' at index 17 as 'योद्धाओं' is NOT a rare word.
context='कोमन <unk> <unk> और 8' ['<unk>' / 'गैस']
	Did NOT replace word '<unk>' at index 18 as 'गैस' is NOT a rare word.
context='<unk> <unk> और 8 <unk>' ['कोमन' / 'o']
	Did NOT replace word 'कोमन' at index 19 as 'o' is NOT a rare word.
context='<unk> और 8 <unk> कोमन' ['<unk>' / '्']
	Did NOT replace word '<unk>' at index 20 as '्' is NOT a rare word.
context='और 8 <unk> कोमन <unk>' ['<unk>' / 'e']
	Did NOT replace word '<unk>' at index 21 as 'e' is NOT a rare word.
context='8 <unk> कोमन <unk> <unk>' ['और' / 'g']
	Did NOT replace word 'और' at index 22 as 'g' is NOT a rare word.
context='<unk> कोमन <unk> <unk> और' ['4' / 'ed']
	Did NOT replace word '4' at index 23 as 'ed' is NOT a rare word.
context='कोमन <unk> <unk> और 4' ['स्टेट्स' / 'p']
	'p' is a rare word.
	alignment('स्टेट्स')=[(23, '10')].
		Did NOT replace '10' as it is NOT aligned to any source word.
context='<unk> <unk> और 4 स्टेट्स' ['/' / 'िया']
	Did NOT replace word '/' at index 25 as 'िया' is NOT a rare word.
context='<unk> और 4 स्टेट्स /' ['<unk>' / '2']
	Did NOT replace word '<unk>' at index 26 as '2' is NOT a rare word.
context='और 4 स्टेट्स / <unk>' ['में' / 'mb']
	Did NOT replace word 'में' at index 27 as 'mb' is NOT a rare word.
context='4 स्टेट्स / <unk> में' ['उपलब्ध' / 'हुए']
	Did NOT replace word 'उपलब्ध' at index 28 as 'हुए' is NOT a rare word.
context='स्टेट्स / <unk> में उपलब्ध' ['हैं' / 'होने']
	Did NOT replace word 'हैं' at index 29 as 'होने' is NOT a rare word.
context='/ <unk> में उपलब्ध हैं' ['।' / '।']
	Did NOT replace word '।' at index 30 as '।' is NOT a rare word.

augmented_src_doc='वर्तमान में , 38 टीएसडीएफ में क्रमशः 17 एकीकृत टीएसडीएफ , 13 <unk> कोमन <unk> <unk> और 8 <unk> कोमन <unk> <unk> और 4 p / <unk> में उपलब्ध हैं ।'
augmented_tgt_doc='At present , 38 <unk> include 17 Integrated <unk> , 13 <unk> Common Secure <unk> and 8 <unk> Common <unk> are available in 10 <unk> and 4 <unk> respectively .'
------------------------------
src_doc='ये राज्य / केंद्र शासित प्रदेश क्रमशः कुल देश के 8 % और देश में कुल खतरनाक अपशिष्ट कचरे के 88 । 19 % का योगदान करते हैं ।'
tgt_doc='These States <unk> contribute about <unk> % of total <unk> and <unk> % of total <unk> hazardous wastes generation in the country respectively .'

context='ये' ['राज्य' / 'अश्व']
	Did NOT replace word 'राज्य' at index 1 as 'अश्व' is NOT a rare word.
context='ये राज्य' ['/' / 'या']
	Did NOT replace word '/' at index 2 as 'या' is NOT a rare word.
context='ये राज्य /' ['केंद्र' / 'केन्द्र']
	Did NOT replace word 'केंद्र' at index 3 as 'केन्द्र' is NOT a rare word.
context='ये राज्य / केंद्र' ['शासित' / 'शासित']
	Did NOT replace word 'शासित' at index 4 as 'शासित' is NOT a rare word.
context='ये राज्य / केंद्र शासित' ['प्रदेश' / 'प्रदेश']
	Did NOT replace word 'प्रदेश' at index 5 as 'प्रदेश' is NOT a rare word.
context='राज्य / केंद्र शासित प्रदेश' ['क्रमशः' / 'महाराष्ट्र']
	Did NOT replace word 'क्रमशः' at index 6 as 'महाराष्ट्र' is NOT a rare word.
context='/ केंद्र शासित प्रदेश क्रमशः' ['कुल' / 'भारत']
	Did NOT replace word 'कुल' at index 7 as 'भारत' is NOT a rare word.
context='केंद्र शासित प्रदेश क्रमशः कुल' ['देश' / 'क्षेत्रफल']
	Did NOT replace word 'देश' at index 8 as 'क्षेत्रफल' is NOT a rare word.
context='शासित प्रदेश क्रमशः कुल देश' ['के' / ',']
	Did NOT replace word 'के' at index 9 as ',' is NOT a rare word.
context='प्रदेश क्रमशः कुल देश के' ['8' / 'mu']
	Did NOT replace word '8' at index 10 as 'mu' is NOT a rare word.
context='क्रमशः कुल देश के 8' ['%' / 'जाय']
	'जाय' is a rare word.
	alignment('%')=[].
context='कुल देश के 8 %' ['और' / 'हिस्से']
	Did NOT replace word 'और' at index 12 as 'हिस्से' is NOT a rare word.
context='देश के 8 % और' ['देश' / 'बंगाली']
	Did NOT replace word 'देश' at index 13 as 'बंगाली' is NOT a rare word.
context='के 8 % और देश' ['में' / '0.2']
	Did NOT replace word 'में' at index 14 as '0.2' is NOT a rare word.
context='8 % और देश में' ['कुल' / 'कुल']
	Did NOT replace word 'कुल' at index 15 as 'कुल' is NOT a rare word.
context='% और देश में कुल' ['खतरनाक' / 'जनसंख्या']
	Did NOT replace word 'खतरनाक' at index 16 as 'जनसंख्या' is NOT a rare word.
context='और देश में कुल खतरनाक' ['अपशिष्ट' / 'विकिरण']
	Did NOT replace word 'अपशिष्ट' at index 17 as 'विकिरण' is NOT a rare word.
context='देश में कुल खतरनाक अपशिष्ट' ['कचरे' / 'का']
	Did NOT replace word 'कचरे' at index 18 as 'का' is NOT a rare word.
context='में कुल खतरनाक अपशिष्ट कचरे' ['के' / 'का']
	Did NOT replace word 'के' at index 19 as 'का' is NOT a rare word.
context='कुल खतरनाक अपशिष्ट कचरे के' ['88' / '10%']
	Did NOT replace word '88' at index 20 as '10%' is NOT a rare word.
context='खतरनाक अपशिष्ट कचरे के 88' ['।' / 'प्रतिशत']
	Did NOT replace word '।' at index 21 as 'प्रतिशत' is NOT a rare word.
context='अपशिष्ट कचरे के 88 ।' ['19' / 'x']
	Did NOT replace word '19' at index 22 as 'x' is NOT a rare word.
context='कचरे के 88 । 19' ['%' / 'मास']
	Did NOT replace word '%' at index 23 as 'मास' is NOT a rare word.
context='के 88 । 19 %' ['का' / 'सर्व']
	Did NOT replace word 'का' at index 24 as 'सर्व' is NOT a rare word.
context='88 । 19 % का' ['योगदान' / 'गठन']
	Did NOT replace word 'योगदान' at index 25 as 'गठन' is NOT a rare word.
context='। 19 % का योगदान' ['करते' / 'प्रगतिशील']
	Did NOT replace word 'करते' at index 26 as 'प्रगतिशील' is NOT a rare word.
context='19 % का योगदान करते' ['हैं' / 'हैं']
	Did NOT replace word 'हैं' at index 27 as 'हैं' is NOT a rare word.
context='% का योगदान करते हैं' ['।' / '।']
	Did NOT replace word '।' at index 28 as '।' is NOT a rare word.

augmented_src_doc='ये राज्य / केंद्र शासित प्रदेश क्रमशः कुल देश के 8 % और देश में कुल खतरनाक अपशिष्ट कचरे के 88 । 19 % का योगदान करते हैं ।'
augmented_tgt_doc='These States <unk> contribute about <unk> % of total <unk> and <unk> % of total <unk> hazardous wastes generation in the country respectively .'
------------------------------
src_doc='2013 - 14 के दौरान , देश भर में खतरनाक कचरे के लिए टीएसडीएफ की दो चालू / नई परियोजनाओं की स्थापना के लिए वित्तीय सहायता प्रदान की गई है ।'
tgt_doc='During 2013-14 , financial assistance has been provided for setting up of two <unk> projects of <unk> for hazardous wastes across the country .'

context='2013' ['-' / 'आई']
	Did NOT replace word '-' at index 1 as 'आई' is NOT a rare word.
context='2013 -' ['14' / 'गुजरात']
	Did NOT replace word '14' at index 2 as 'गुजरात' is NOT a rare word.
context='2013 - 14' ['के' / '25']
	Did NOT replace word 'के' at index 3 as '25' is NOT a rare word.
context='2013 - 14 के' ['दौरान' / 'दौरान']
	Did NOT replace word 'दौरान' at index 4 as 'दौरान' is NOT a rare word.
context='2013 - 14 के दौरान' [',' / 'शाही']
	Did NOT replace word ',' at index 5 as 'शाही' is NOT a rare word.
context='- 14 के दौरान ,' ['देश' / '78']
	Did NOT replace word 'देश' at index 6 as '78' is NOT a rare word.
context='14 के दौरान , देश' ['भर' / 'भर']
	Did NOT replace word 'भर' at index 7 as 'भर' is NOT a rare word.
context='के दौरान , देश भर' ['में' / 'में']
	Did NOT replace word 'में' at index 8 as 'में' is NOT a rare word.
context='दौरान , देश भर में' ['खतरनाक' / 'कुल']
	Did NOT replace word 'खतरनाक' at index 9 as 'कुल' is NOT a rare word.
context=', देश भर में खतरनाक' ['कचरे' / 'मध्य']
	Did NOT replace word 'कचरे' at index 10 as 'मध्य' is NOT a rare word.
context='देश भर में खतरनाक कचरे' ['के' / 'की']
	Did NOT replace word 'के' at index 11 as 'की' is NOT a rare word.
context='भर में खतरनाक कचरे के' ['लिए' / 'एक']
	Did NOT replace word 'लिए' at index 12 as 'एक' is NOT a rare word.
context='में खतरनाक कचरे के लिए' ['टीएसडीएफ' / 'एक']
	Did NOT replace word 'टीएसडीएफ' at index 13 as 'एक' is NOT a rare word.
context='खतरनाक कचरे के लिए टीएसडीएफ' ['की' / 'एक']
	Did NOT replace word 'की' at index 14 as 'एक' is NOT a rare word.
context='कचरे के लिए टीएसडीएफ की' ['दो' / 'एक']
	Did NOT replace word 'दो' at index 15 as 'एक' is NOT a rare word.
context='के लिए टीएसडीएफ की दो' ['चालू' / '1']
	Did NOT replace word 'चालू' at index 16 as '1' is NOT a rare word.
context='लिए टीएसडीएफ की दो चालू' ['/' / 'पिछल']
	Did NOT replace word '/' at index 17 as 'पिछल' is NOT a rare word.
context='टीएसडीएफ की दो चालू /' ['नई' / 'सफाय']
	Did NOT replace word 'नई' at index 18 as 'सफाय' is NOT a rare word.
context='की दो चालू / नई' ['परियोजनाओं' / 'दिल्ली']
	Did NOT replace word 'परियोजनाओं' at index 19 as 'दिल्ली' is NOT a rare word.
context='दो चालू / नई परियोजनाओं' ['की' / ',']
	Did NOT replace word 'की' at index 20 as ',' is NOT a rare word.
context='चालू / नई परियोजनाओं की' ['स्थापना' / 'सूची']
	Did NOT replace word 'स्थापना' at index 21 as 'सूची' is NOT a rare word.
context='/ नई परियोजनाओं की स्थापना' ['के' / 'की']
	Did NOT replace word 'के' at index 22 as 'की' is NOT a rare word.
context='नई परियोजनाओं की स्थापना के' ['लिए' / 'लिए']
	Did NOT replace word 'लिए' at index 23 as 'लिए' is NOT a rare word.
context='परियोजनाओं की स्थापना के लिए' ['वित्तीय' / 'बि']
	Did NOT replace word 'वित्तीय' at index 24 as 'बि' is NOT a rare word.
context='की स्थापना के लिए वित्तीय' ['सहायता' / 'वर्ष']
	Did NOT replace word 'सहायता' at index 25 as 'वर्ष' is NOT a rare word.
context='स्थापना के लिए वित्तीय सहायता' ['प्रदान' / '।']
	Did NOT replace word 'प्रदान' at index 26 as '।' is NOT a rare word.
context='के लिए वित्तीय सहायता प्रदान' ['की' / 'की']
	Did NOT replace word 'की' at index 27 as 'की' is NOT a rare word.
context='लिए वित्तीय सहायता प्रदान की' ['गई' / 'गई']
	Did NOT replace word 'गई' at index 28 as 'गई' is NOT a rare word.
context='वित्तीय सहायता प्रदान की गई' ['है' / '।']
	Did NOT replace word 'है' at index 29 as '।' is NOT a rare word.
context='सहायता प्रदान की गई है' ['।' / '।']
	Did NOT replace word '।' at index 30 as '।' is NOT a rare word.

augmented_src_doc='2013 - 14 के दौरान , देश भर में खतरनाक कचरे के लिए टीएसडीएफ की दो चालू / नई परियोजनाओं की स्थापना के लिए वित्तीय सहायता प्रदान की गई है ।'
augmented_tgt_doc='During 2013-14 , financial assistance has been provided for setting up of two <unk> projects of <unk> for hazardous wastes across the country .'
------------------------------
src_doc='ई - कचरा प्रबंधनः'
tgt_doc='<unk> Management :'

context='ई' ['-' / 'वान']
	Did NOT replace word '-' at index 1 as 'वान' is NOT a rare word.
context='ई -' ['कचरा' / 'ताब्दी']
	Did NOT replace word 'कचरा' at index 2 as 'ताब्दी' is NOT a rare word.
context='ई - कचरा' ['प्रबंधनः' / 'ग्राम']
	Did NOT replace word 'प्रबंधनः' at index 3 as 'ग्राम' is NOT a rare word.

augmented_src_doc='ई - कचरा प्रबंधनः'
augmented_tgt_doc='<unk> Management :'
------------------------------
src_doc='पर्यावरण और वन मंत्रालय ने मई 2011 में ई - कचरा नियमों को अधिसूचित किया है , जो 1 मई 2012 से प्रभावी हो गया है ।'
tgt_doc='The Ministry of Environment and Forest , has notified <unk> Rules in May 2011 , which has come into force with effect from 1st May 2012 .'

context='पर्यावरण' ['और' / 'विज्ञान']
	Did NOT replace word 'और' at index 1 as 'विज्ञान' is NOT a rare word.
context='पर्यावरण और' ['वन' / 'समाज']
	Did NOT replace word 'वन' at index 2 as 'समाज' is NOT a rare word.
context='पर्यावरण और वन' ['मंत्रालय' / 'मंत्रालय']
	Did NOT replace word 'मंत्रालय' at index 3 as 'मंत्रालय' is NOT a rare word.
context='पर्यावरण और वन मंत्रालय' ['ने' / 'के']
	Did NOT replace word 'ने' at index 4 as 'के' is NOT a rare word.
context='पर्यावरण और वन मंत्रालय ने' ['मई' / 'भारत']
	Did NOT replace word 'मई' at index 5 as 'भारत' is NOT a rare word.
context='और वन मंत्रालय ने मई' ['2011' / '2014']
	Did NOT replace word '2011' at index 6 as '2014' is NOT a rare word.
context='वन मंत्रालय ने मई 2011' ['में' / 'में']
	Did NOT replace word 'में' at index 7 as 'में' is NOT a rare word.
context='मंत्रालय ने मई 2011 में' ['ई' / 'जुरास']
	Did NOT replace word 'ई' at index 8 as 'जुरास' is NOT a rare word.
context='ने मई 2011 में ई' ['-' / 'एस']
	Did NOT replace word '-' at index 9 as 'एस' is NOT a rare word.
context='मई 2011 में ई -' ['कचरा' / '']
	Did NOT replace word 'कचरा' at index 10 as '' is NOT a rare word.
context='2011 में ई - कचरा' ['नियमों' / '्दि']
	Did NOT replace word 'नियमों' at index 11 as '्दि' is NOT a rare word.
context='में ई - कचरा नियमों' ['को' / 'में']
	Did NOT replace word 'को' at index 12 as 'में' is NOT a rare word.
context='ई - कचरा नियमों को' ['अधिसूचित' / 'परिभाषित']
	Did NOT replace word 'अधिसूचित' at index 13 as 'परिभाषित' is NOT a rare word.
context='- कचरा नियमों को अधिसूचित' ['किया' / 'किया']
	Did NOT replace word 'किया' at index 14 as 'किया' is NOT a rare word.
context='कचरा नियमों को अधिसूचित किया' ['है' / 'और']
	Did NOT replace word 'है' at index 15 as 'और' is NOT a rare word.
context='नियमों को अधिसूचित किया है' [',' / 'और']
	Did NOT replace word ',' at index 16 as 'और' is NOT a rare word.
context='को अधिसूचित किया है ,' ['जो' / '19']
	Did NOT replace word 'जो' at index 17 as '19' is NOT a rare word.
context='अधिसूचित किया है , जो' ['1' / 'अधिक']
	Did NOT replace word '1' at index 18 as 'अधिक' is NOT a rare word.
context='किया है , जो 1' ['मई' / 'दिसम्बर']
	Did NOT replace word 'मई' at index 19 as 'दिसम्बर' is NOT a rare word.
context='है , जो 1 मई' ['2012' / ',']
	Did NOT replace word '2012' at index 20 as ',' is NOT a rare word.
context=', जो 1 मई 2012' ['से' / 'को']
	Did NOT replace word 'से' at index 21 as 'को' is NOT a rare word.
context='जो 1 मई 2012 से' ['प्रभावी' / '12']
	Did NOT replace word 'प्रभावी' at index 22 as '12' is NOT a rare word.
context='1 मई 2012 से प्रभावी' ['हो' / 'हुई']
	Did NOT replace word 'हो' at index 23 as 'हुई' is NOT a rare word.
context='मई 2012 से प्रभावी हो' ['गया' / 'गया']
	Did NOT replace word 'गया' at index 24 as 'गया' is NOT a rare word.
context='2012 से प्रभावी हो गया' ['है' / 'था']
	Did NOT replace word 'है' at index 25 as 'था' is NOT a rare word.
context='से प्रभावी हो गया है' ['।' / '।']
	Did NOT replace word '।' at index 26 as '।' is NOT a rare word.

augmented_src_doc='पर्यावरण और वन मंत्रालय ने मई 2011 में ई - कचरा नियमों को अधिसूचित किया है , जो 1 मई 2012 से प्रभावी हो गया है ।'
augmented_tgt_doc='The Ministry of Environment and Forest , has notified <unk> Rules in May 2011 , which has come into force with effect from 1st May 2012 .'
------------------------------
src_doc='इन नियमों में विस्तारित निर्माता जिम्मेदारी ( <unk> ) की अवधारणा को सुनिश्चित किया गया है ।'
tgt_doc='The concept of <unk> <unk> Responsibility ( <unk> ) has been enshrined in these rules .'

context='इन' ['नियमों' / 'ल्लूर']
	Did NOT replace word 'नियमों' at index 1 as 'ल्लूर' is NOT a rare word.
context='इन नियमों' ['में' / 'के']
	Did NOT replace word 'में' at index 2 as 'के' is NOT a rare word.
context='इन नियमों में' ['विस्तारित' / 'प्रत्येक']
	Did NOT replace word 'विस्तारित' at index 3 as 'प्रत्येक' is NOT a rare word.
context='इन नियमों में विस्तारित' ['निर्माता' / 'नियमों']
	Did NOT replace word 'निर्माता' at index 4 as 'नियमों' is NOT a rare word.
context='इन नियमों में विस्तारित निर्माता' ['जिम्मेदारी' / 'संसार']
	'संसार' is a rare word.
	alignment('जिम्मेदारी')=[].
context='नियमों में विस्तारित निर्माता जिम्मेदारी' ['(' / 'एक']
	Did NOT replace word '(' at index 6 as 'एक' is NOT a rare word.
context='में विस्तारित निर्माता जिम्मेदारी (' ['<unk>' / 'अप']
	Did NOT replace word '<unk>' at index 7 as 'अप' is NOT a rare word.
context='विस्तारित निर्माता जिम्मेदारी ( <unk>' [')' / 'ए']
	Did NOT replace word ')' at index 8 as 'ए' is NOT a rare word.
context='निर्माता जिम्मेदारी ( <unk> )' ['की' / ',']
	Did NOT replace word 'की' at index 9 as ',' is NOT a rare word.
context='जिम्मेदारी ( <unk> ) की' ['अवधारणा' / 'सदस्य']
	Did NOT replace word 'अवधारणा' at index 10 as 'सदस्य' is NOT a rare word.
context='( <unk> ) की अवधारणा' ['को' / 'का']
	Did NOT replace word 'को' at index 11 as 'का' is NOT a rare word.
context='<unk> ) की अवधारणा को' ['सुनिश्चित' / 'दिशा']
	Did NOT replace word 'सुनिश्चित' at index 12 as 'दिशा' is NOT a rare word.
context=') की अवधारणा को सुनिश्चित' ['किया' / 'करती']
	Did NOT replace word 'किया' at index 13 as 'करती' is NOT a rare word.
context='की अवधारणा को सुनिश्चित किया' ['गया' / 'जा']
	Did NOT replace word 'गया' at index 14 as 'जा' is NOT a rare word.
context='अवधारणा को सुनिश्चित किया गया' ['है' / 'है']
	Did NOT replace word 'है' at index 15 as 'है' is NOT a rare word.
context='को सुनिश्चित किया गया है' ['।' / 'और']
	Did NOT replace word '।' at index 16 as 'और' is NOT a rare word.

augmented_src_doc='इन नियमों में विस्तारित निर्माता जिम्मेदारी ( <unk> ) की अवधारणा को सुनिश्चित किया गया है ।'
augmented_tgt_doc='The concept of <unk> <unk> Responsibility ( <unk> ) has been enshrined in these rules .'
------------------------------
src_doc='इन नियमों के अनुसार , <unk> को संग्रह केंद्रों की स्थापना करके या व्यक्तिगत रूप से या सामूहिक रूप से सिस्टम वापस लेकर अपने उत्पादों के जीवन के अंत से उत्पन्न ई - कचरे को इकट्ठा करना आवश्यक है ।'
tgt_doc='As per these Rules the producers are required to collect <unk> generated from the end of life of their products by setting up collections centers or take back systems either individually or collectively .'

context='इन' ['नियमों' / '्वा']
	Did NOT replace word 'नियमों' at index 1 as '्वा' is NOT a rare word.
context='इन नियमों' ['के' / 'के']
	Did NOT replace word 'के' at index 2 as 'के' is NOT a rare word.
context='इन नियमों के' ['अनुसार' / 'एक']
	Did NOT replace word 'अनुसार' at index 3 as 'एक' is NOT a rare word.
context='इन नियमों के अनुसार' [',' / 'यह']
	Did NOT replace word ',' at index 4 as 'यह' is NOT a rare word.
context='इन नियमों के अनुसार ,' ['<unk>' / 'जिसे']
	Did NOT replace word '<unk>' at index 5 as 'जिसे' is NOT a rare word.
context='नियमों के अनुसार , <unk>' ['को' / 'निम']
	Did NOT replace word 'को' at index 6 as 'निम' is NOT a rare word.
context='के अनुसार , <unk> को' ['संग्रह' / 'जैव']
	Did NOT replace word 'संग्रह' at index 7 as 'जैव' is NOT a rare word.
context='अनुसार , <unk> को संग्रह' ['केंद्रों' / 'करने']
	Did NOT replace word 'केंद्रों' at index 8 as 'करने' is NOT a rare word.
context=', <unk> को संग्रह केंद्रों' ['की' / 'में']
	Did NOT replace word 'की' at index 9 as 'में' is NOT a rare word.
context='<unk> को संग्रह केंद्रों की' ['स्थापना' / 'संज्ञा']
	Did NOT replace word 'स्थापना' at index 10 as 'संज्ञा' is NOT a rare word.
context='को संग्रह केंद्रों की स्थापना' ['करके' / 'किए']
	Did NOT replace word 'करके' at index 11 as 'किए' is NOT a rare word.
context='संग्रह केंद्रों की स्थापना करके' ['या' / 'निर्मित']
	Did NOT replace word 'या' at index 12 as 'निर्मित' is NOT a rare word.
context='केंद्रों की स्थापना करके या' ['व्यक्तिगत' / 'सौदा']
	Did NOT replace word 'व्यक्तिगत' at index 13 as 'सौदा' is NOT a rare word.
context='की स्थापना करके या व्यक्तिगत' ['रूप' / 'आवश्यकताओं']
	Did NOT replace word 'रूप' at index 14 as 'आवश्यकताओं' is NOT a rare word.
context='स्थापना करके या व्यक्तिगत रूप' ['से' / 'से']
	Did NOT replace word 'से' at index 15 as 'से' is NOT a rare word.
context='करके या व्यक्तिगत रूप से' ['या' / 'दिया']
	Did NOT replace word 'या' at index 16 as 'दिया' is NOT a rare word.
context='या व्यक्तिगत रूप से या' ['सामूहिक' / 'बारीकी']
	'बारीकी' is a rare word.
	alignment('सामूहिक')=[(32, 'collectively')].
		Did NOT replace 'collectively' as it is NOT aligned to any source word.
context='व्यक्तिगत रूप से या सामूहिक' ['रूप' / 'समारोहों']
	Did NOT replace word 'रूप' at index 18 as 'समारोहों' is NOT a rare word.
context='रूप से या सामूहिक रूप' ['से' / 'से']
	Did NOT replace word 'से' at index 19 as 'से' is NOT a rare word.
context='से या सामूहिक रूप से' ['सिस्टम' / 'किसी']
	Did NOT replace word 'सिस्टम' at index 20 as 'किसी' is NOT a rare word.
context='या सामूहिक रूप से सिस्टम' ['वापस' / 'डिजाइन']
	Did NOT replace word 'वापस' at index 21 as 'डिजाइन' is NOT a rare word.
context='सामूहिक रूप से सिस्टम वापस' ['लेकर' / 'लेने']
	Did NOT replace word 'लेकर' at index 22 as 'लेने' is NOT a rare word.
context='रूप से सिस्टम वापस लेकर' ['अपने' / 'बदलना']
	Did NOT replace word 'अपने' at index 23 as 'बदलना' is NOT a rare word.
context='से सिस्टम वापस लेकर अपने' ['उत्पादों' / 'समय']
	Did NOT replace word 'उत्पादों' at index 24 as 'समय' is NOT a rare word.
context='सिस्टम वापस लेकर अपने उत्पादों' ['के' / 'की']
	Did NOT replace word 'के' at index 25 as 'की' is NOT a rare word.
context='वापस लेकर अपने उत्पादों के' ['जीवन' / 'अलावा']
	Did NOT replace word 'जीवन' at index 26 as 'अलावा' is NOT a rare word.
context='लेकर अपने उत्पादों के जीवन' ['के' / 'में']
	Did NOT replace word 'के' at index 27 as 'में' is NOT a rare word.
context='अपने उत्पादों के जीवन के' ['अंत' / 'क्रियान्वयन']
	Did NOT replace word 'अंत' at index 28 as 'क्रियान्वयन' is NOT a rare word.
context='उत्पादों के जीवन के अंत' ['से' / 'को']
	Did NOT replace word 'से' at index 29 as 'को' is NOT a rare word.
context='के जीवन के अंत से' ['उत्पन्न' / 'पहले']
	Did NOT replace word 'उत्पन्न' at index 30 as 'पहले' is NOT a rare word.
context='जीवन के अंत से उत्पन्न' ['ई' / 'करके']
	Did NOT replace word 'ई' at index 31 as 'करके' is NOT a rare word.
context='के अंत से उत्पन्न ई' ['-' / '-']
	Did NOT replace word '-' at index 32 as '-' is NOT a rare word.
context='अंत से उत्पन्न ई -' ['कचरे' / '']
	Did NOT replace word 'कचरे' at index 33 as '' is NOT a rare word.
context='से उत्पन्न ई - कचरे' ['को' / 'को']
	Did NOT replace word 'को' at index 34 as 'को' is NOT a rare word.
context='उत्पन्न ई - कचरे को' ['इकट्ठा' / 'बन्द']
	Did NOT replace word 'इकट्ठा' at index 35 as 'बन्द' is NOT a rare word.
context='ई - कचरे को इकट्ठा' ['करना' / 'करना']
	Did NOT replace word 'करना' at index 36 as 'करना' is NOT a rare word.
context='- कचरे को इकट्ठा करना' ['आवश्यक' / 'या']
	Did NOT replace word 'आवश्यक' at index 37 as 'या' is NOT a rare word.
context='कचरे को इकट्ठा करना आवश्यक' ['है' / 'है']
	Did NOT replace word 'है' at index 38 as 'है' is NOT a rare word.
context='को इकट्ठा करना आवश्यक है' ['।' / '।']
	Did NOT replace word '।' at index 39 as '।' is NOT a rare word.

augmented_src_doc='इन नियमों के अनुसार , <unk> को संग्रह केंद्रों की स्थापना करके या व्यक्तिगत रूप से या बारीकी रूप से सिस्टम वापस लेकर अपने उत्पादों के जीवन के अंत से उत्पन्न ई - कचरे को इकट्ठा करना आवश्यक है ।'
augmented_tgt_doc='As per these Rules the producers are required to collect <unk> generated from the end of life of their products by setting up collections centers or take back systems either individually or collectively .'
------------------------------
src_doc='ई - कचरे की <unk> को केवल राज्य प्रदूषण नियंत्रण बोर्डों / प्रदूषण नियंत्रण समिति ( पीसीसी ) के साथ अधिकृत और पंजीकृत सुविधाओं में ही किया जा सकता है ।'
tgt_doc='<unk> <unk> can be undertaken only in facilities authorized and registered with State Pollution Control <unk> Control Committee ( <unk> ) .'

context='ई' ['-' / 'शू']
	Did NOT replace word '-' at index 1 as 'शू' is NOT a rare word.
context='ई -' ['कचरे' / 'स्वास्थ्य']
	Did NOT replace word 'कचरे' at index 2 as 'स्वास्थ्य' is NOT a rare word.
context='ई - कचरे' ['की' / 'कम']
	Did NOT replace word 'की' at index 3 as 'कम' is NOT a rare word.
context='ई - कचरे की' ['<unk>' / 'राशि']
	Did NOT replace word '<unk>' at index 4 as 'राशि' is NOT a rare word.
context='ई - कचरे की <unk>' ['को' / 'u']
	Did NOT replace word 'को' at index 5 as 'u' is NOT a rare word.
context='- कचरे की <unk> को' ['केवल' / ''']
	Did NOT replace word 'केवल' at index 6 as ''' is NOT a rare word.
context='कचरे की <unk> को केवल' ['राज्य' / 'साफ']
	Did NOT replace word 'राज्य' at index 7 as 'साफ' is NOT a rare word.
context='की <unk> को केवल राज्य' ['प्रदूषण' / 'और']
	Did NOT replace word 'प्रदूषण' at index 8 as 'और' is NOT a rare word.
context='<unk> को केवल राज्य प्रदूषण' ['नियंत्रण' / 'अपराध']
	Did NOT replace word 'नियंत्रण' at index 9 as 'अपराध' is NOT a rare word.
context='को केवल राज्य प्रदूषण नियंत्रण' ['बोर्डों' / 'की']
	Did NOT replace word 'बोर्डों' at index 10 as 'की' is NOT a rare word.
context='केवल राज्य प्रदूषण नियंत्रण बोर्डों' ['/' / 'द्वारा']
	Did NOT replace word '/' at index 11 as 'द्वारा' is NOT a rare word.
context='राज्य प्रदूषण नियंत्रण बोर्डों /' ['प्रदूषण' / 'सार्वजनिक']
	Did NOT replace word 'प्रदूषण' at index 12 as 'सार्वजनिक' is NOT a rare word.
context='प्रदूषण नियंत्रण बोर्डों / प्रदूषण' ['नियंत्रण' / 'नियंत्रण']
	Did NOT replace word 'नियंत्रण' at index 13 as 'नियंत्रण' is NOT a rare word.
context='नियंत्रण बोर्डों / प्रदूषण नियंत्रण' ['समिति' / 'परियोजनाओं']
	Did NOT replace word 'समिति' at index 14 as 'परियोजनाओं' is NOT a rare word.
context='बोर्डों / प्रदूषण नियंत्रण समिति' ['(' / 'के']
	Did NOT replace word '(' at index 15 as 'के' is NOT a rare word.
context='/ प्रदूषण नियंत्रण समिति (' ['पीसीसी' / '62']
	Did NOT replace word 'पीसीसी' at index 16 as '62' is NOT a rare word.
context='प्रदूषण नियंत्रण समिति ( पीसीसी' [')' / 'आयोग']
	Did NOT replace word ')' at index 17 as 'आयोग' is NOT a rare word.
context='नियंत्रण समिति ( पीसीसी )' ['के' / 'और']
	Did NOT replace word 'के' at index 18 as 'और' is NOT a rare word.
context='समिति ( पीसीसी ) के' ['साथ' / 'द्वारा']
	Did NOT replace word 'साथ' at index 19 as 'द्वारा' is NOT a rare word.
context='( पीसीसी ) के साथ' ['अधिकृत' / 'गलत']
	Did NOT replace word 'अधिकृत' at index 20 as 'गलत' is NOT a rare word.
context='पीसीसी ) के साथ अधिकृत' ['और' / 'प्रतीक']
	Did NOT replace word 'और' at index 21 as 'प्रतीक' is NOT a rare word.
context=') के साथ अधिकृत और' ['पंजीकृत' / 'नियोजित']
	Did NOT replace word 'पंजीकृत' at index 22 as 'नियोजित' is NOT a rare word.
context='के साथ अधिकृत और पंजीकृत' ['सुविधाओं' / 'कर']
	Did NOT replace word 'सुविधाओं' at index 23 as 'कर' is NOT a rare word.
context='साथ अधिकृत और पंजीकृत सुविधाओं' ['में' / 'से']
	Did NOT replace word 'में' at index 24 as 'से' is NOT a rare word.
context='अधिकृत और पंजीकृत सुविधाओं में' ['ही' / 'बदल']
	Did NOT replace word 'ही' at index 25 as 'बदल' is NOT a rare word.
context='और पंजीकृत सुविधाओं में ही' ['किया' / 'उपयोग']
	Did NOT replace word 'किया' at index 26 as 'उपयोग' is NOT a rare word.
context='पंजीकृत सुविधाओं में ही किया' ['जा' / 'जाता']
	Did NOT replace word 'जा' at index 27 as 'जाता' is NOT a rare word.
context='सुविधाओं में ही किया जा' ['सकता' / 'रहा']
	Did NOT replace word 'सकता' at index 28 as 'रहा' is NOT a rare word.
context='में ही किया जा सकता' ['है' / 'है']
	Did NOT replace word 'है' at index 29 as 'है' is NOT a rare word.
context='ही किया जा सकता है' ['।' / '।']
	Did NOT replace word '।' at index 30 as '।' is NOT a rare word.

augmented_src_doc='ई - कचरे की <unk> को केवल राज्य प्रदूषण नियंत्रण बोर्डों / प्रदूषण नियंत्रण समिति ( पीसीसी ) के साथ अधिकृत और पंजीकृत सुविधाओं में ही किया जा सकता है ।'
augmented_tgt_doc='<unk> <unk> can be undertaken only in facilities authorized and registered with State Pollution Control <unk> Control Committee ( <unk> ) .'
------------------------------
src_doc='उत्पन्न कचरे को एक पंजीकृत या अधिकृत <unk> या फिर से <unk> को बेचा जाना चाहिए , जिसमें पर्यावरणीय रूप से ध्वनि की सुविधा हो ।'
tgt_doc='<unk> generated are required to be sold to a registered or authorized <unk> or <unk> having environmentally sound facilities .'

context='उत्पन्न' ['कचरे' / 'णी']
	Did NOT replace word 'कचरे' at index 1 as 'णी' is NOT a rare word.
context='उत्पन्न कचरे' ['को' / 'अथवा']
	Did NOT replace word 'को' at index 2 as 'अथवा' is NOT a rare word.
context='उत्पन्न कचरे को' ['एक' / 'बेल्ट']
	Did NOT replace word 'एक' at index 3 as 'बेल्ट' is NOT a rare word.
context='उत्पन्न कचरे को एक' ['पंजीकृत' / 'अंधाधुंध']
	Did NOT replace word 'पंजीकृत' at index 4 as 'अंधाधुंध' is NOT a rare word.
context='उत्पन्न कचरे को एक पंजीकृत' ['या' / 'वे']
	Did NOT replace word 'या' at index 5 as 'वे' is NOT a rare word.
context='कचरे को एक पंजीकृत या' ['अधिकृत' / 'मुक्त']
	Did NOT replace word 'अधिकृत' at index 6 as 'मुक्त' is NOT a rare word.
context='को एक पंजीकृत या अधिकृत' ['<unk>' / 'स्थान']
	Did NOT replace word '<unk>' at index 7 as 'स्थान' is NOT a rare word.
context='एक पंजीकृत या अधिकृत <unk>' ['या' / '-']
	Did NOT replace word 'या' at index 8 as '-' is NOT a rare word.
context='पंजीकृत या अधिकृत <unk> या' ['फिर' / 'व्यक्त']
	Did NOT replace word 'फिर' at index 9 as 'व्यक्त' is NOT a rare word.
context='या अधिकृत <unk> या फिर' ['से' / 'सबके']
	Did NOT replace word 'से' at index 10 as 'सबके' is NOT a rare word.
context='अधिकृत <unk> या फिर से' ['<unk>' / ''']
	Did NOT replace word '<unk>' at index 11 as ''' is NOT a rare word.
context='<unk> या फिर से <unk>' ['को' / 'code']
	Did NOT replace word 'को' at index 12 as 'code' is NOT a rare word.
context='या फिर से <unk> को' ['बेचा' / 'सिंचाई']
	Did NOT replace word 'बेचा' at index 13 as 'सिंचाई' is NOT a rare word.
context='फिर से <unk> को बेचा' ['जाना' / 'जाता']
	Did NOT replace word 'जाना' at index 14 as 'जाता' is NOT a rare word.
context='से <unk> को बेचा जाना' ['चाहिए' / 'निवेश']
	Did NOT replace word 'चाहिए' at index 15 as 'निवेश' is NOT a rare word.
context='<unk> को बेचा जाना चाहिए' [',' / '।']
	Did NOT replace word ',' at index 16 as '।' is NOT a rare word.
context='को बेचा जाना चाहिए ,' ['जिसमें' / 'मध्यवर्ती']
	Did NOT replace word 'जिसमें' at index 17 as 'मध्यवर्ती' is NOT a rare word.
context='बेचा जाना चाहिए , जिसमें' ['पर्यावरणीय' / 'न']
	Did NOT replace word 'पर्यावरणीय' at index 18 as 'न' is NOT a rare word.
context='जाना चाहिए , जिसमें पर्यावरणीय' ['रूप' / 'क्रिया']
	Did NOT replace word 'रूप' at index 19 as 'क्रिया' is NOT a rare word.
context='चाहिए , जिसमें पर्यावरणीय रूप' ['से' / 'से']
	Did NOT replace word 'से' at index 20 as 'से' is NOT a rare word.
context=', जिसमें पर्यावरणीय रूप से' ['ध्वनि' / 'पूर्व']
	Did NOT replace word 'ध्वनि' at index 21 as 'पूर्व' is NOT a rare word.
context='जिसमें पर्यावरणीय रूप से ध्वनि' ['की' / 'क']
	Did NOT replace word 'की' at index 22 as 'क' is NOT a rare word.
context='पर्यावरणीय रूप से ध्वनि की' ['सुविधा' / 'या']
	Did NOT replace word 'सुविधा' at index 23 as 'या' is NOT a rare word.
context='रूप से ध्वनि की सुविधा' ['हो' / 'पाई']
	'पाई' is a rare word.
	alignment('हो')=[(6, 'sold'), (3, 'required'), (2, 'are')].
		Did NOT replace 'sold' as it is NOT aligned to any source word.
		Did NOT replace 'required' as it is NOT aligned to any source word.
		Did NOT replace 'are' as it is NOT aligned to any source word.
context='से ध्वनि की सुविधा हो' ['।' / 'और']
	Did NOT replace word '।' at index 25 as 'और' is NOT a rare word.

augmented_src_doc='उत्पन्न कचरे को एक पंजीकृत या अधिकृत <unk> या फिर से <unk> को बेचा जाना चाहिए , जिसमें पर्यावरणीय रूप से ध्वनि की सुविधा पाई ।'
augmented_tgt_doc='<unk> generated are required to be sold to a registered or authorized <unk> or <unk> having environmentally sound facilities .'
------------------------------
src_doc='नियम में व्यक्तिगत रूप से या संयुक्त रूप से संग्रह केंद्र स्थापित करने का प्रावधान है ; या एक पंजीकृत समाज या एक नामित एजेंसी द्वारा ; या ई - कचरा एकत्र करने के लिए एक संघ द्वारा ।'
tgt_doc='The rule has provision for setting up of Collection Centre individually or jointly ; or by a registered society or a designated agency ; or by an association to collect <unk> .'

context='नियम' ['में' / '1995']
	Did NOT replace word 'में' at index 1 as '1995' is NOT a rare word.
context='नियम में' ['व्यक्तिगत' / 'अनियमितता']
	Did NOT replace word 'व्यक्तिगत' at index 2 as 'अनियमितता' is NOT a rare word.
context='नियम में व्यक्तिगत' ['रूप' / 'शब्द']
	Did NOT replace word 'रूप' at index 3 as 'शब्द' is NOT a rare word.
context='नियम में व्यक्तिगत रूप' ['से' / 'से']
	Did NOT replace word 'से' at index 4 as 'से' is NOT a rare word.
context='नियम में व्यक्तिगत रूप से' ['या' / 'किसी']
	Did NOT replace word 'या' at index 5 as 'किसी' is NOT a rare word.
context='में व्यक्तिगत रूप से या' ['संयुक्त' / 'किसी']
	Did NOT replace word 'संयुक्त' at index 6 as 'किसी' is NOT a rare word.
context='व्यक्तिगत रूप से या संयुक्त' ['रूप' / 'राज्य']
	Did NOT replace word 'रूप' at index 7 as 'राज्य' is NOT a rare word.
context='रूप से या संयुक्त रूप' ['से' / 'में']
	Did NOT replace word 'से' at index 8 as 'में' is NOT a rare word.
context='से या संयुक्त रूप से' ['संग्रह' / 'प्रभावी']
	Did NOT replace word 'संग्रह' at index 9 as 'प्रभावी' is NOT a rare word.
context='या संयुक्त रूप से संग्रह' ['केंद्र' / 'करने']
	Did NOT replace word 'केंद्र' at index 10 as 'करने' is NOT a rare word.
context='संयुक्त रूप से संग्रह केंद्र' ['स्थापित' / 'की']
	Did NOT replace word 'स्थापित' at index 11 as 'की' is NOT a rare word.
context='रूप से संग्रह केंद्र स्थापित' ['करने' / 'ये']
	Did NOT replace word 'करने' at index 12 as 'ये' is NOT a rare word.
context='से संग्रह केंद्र स्थापित करने' ['का' / 'के']
	Did NOT replace word 'का' at index 13 as 'के' is NOT a rare word.
context='संग्रह केंद्र स्थापित करने का' ['प्रावधान' / 'वह']
	Did NOT replace word 'प्रावधान' at index 14 as 'वह' is NOT a rare word.
context='केंद्र स्थापित करने का प्रावधान' ['है' / 'है']
	Did NOT replace word 'है' at index 15 as 'है' is NOT a rare word.
context='स्थापित करने का प्रावधान है' [';' / 'या']
	Did NOT replace word ';' at index 16 as 'या' is NOT a rare word.
context='करने का प्रावधान है ;' ['या' / 'जो']
	Did NOT replace word 'या' at index 17 as 'जो' is NOT a rare word.
context='का प्रावधान है ; या' ['एक' / 'अभिव्यक्ति']
	Did NOT replace word 'एक' at index 18 as 'अभिव्यक्ति' is NOT a rare word.
context='प्रावधान है ; या एक' ['पंजीकृत' / 'उपयोगकर्ता']
	Did NOT replace word 'पंजीकृत' at index 19 as 'उपयोगकर्ता' is NOT a rare word.
context='है ; या एक पंजीकृत' ['समाज' / 'आरम्भ']
	Did NOT replace word 'समाज' at index 20 as 'आरम्भ' is NOT a rare word.
context='; या एक पंजीकृत समाज' ['या' / 'की']
	Did NOT replace word 'या' at index 21 as 'की' is NOT a rare word.
context='या एक पंजीकृत समाज या' ['एक' / 'किसी']
	Did NOT replace word 'एक' at index 22 as 'किसी' is NOT a rare word.
context='एक पंजीकृत समाज या एक' ['नामित' / 'मादा']
	Did NOT replace word 'नामित' at index 23 as 'मादा' is NOT a rare word.
context='पंजीकृत समाज या एक नामित' ['एजेंसी' / 'संगठन']
	Did NOT replace word 'एजेंसी' at index 24 as 'संगठन' is NOT a rare word.
context='समाज या एक नामित एजेंसी' ['द्वारा' / 'जिससे']
	Did NOT replace word 'द्वारा' at index 25 as 'जिससे' is NOT a rare word.
context='या एक नामित एजेंसी द्वारा' [';' / '']
	Did NOT replace word ';' at index 26 as '' is NOT a rare word.
context='एक नामित एजेंसी द्वारा ;' ['या' / 'या']
	Did NOT replace word 'या' at index 27 as 'या' is NOT a rare word.
context='नामित एजेंसी द्वारा ; या' ['ई' / ''']
	Did NOT replace word 'ई' at index 28 as ''' is NOT a rare word.
context='एजेंसी द्वारा ; या ई' ['-' / 'ड़ा']
	Did NOT replace word '-' at index 29 as 'ड़ा' is NOT a rare word.
context='द्वारा ; या ई -' ['कचरा' / 'धन']
	Did NOT replace word 'कचरा' at index 30 as 'धन' is NOT a rare word.
context='; या ई - कचरा' ['एकत्र' / 'या']
	Did NOT replace word 'एकत्र' at index 31 as 'या' is NOT a rare word.
context='या ई - कचरा एकत्र' ['करने' / 'करना']
	Did NOT replace word 'करने' at index 32 as 'करना' is NOT a rare word.
context='ई - कचरा एकत्र करने' ['के' / ',']
	Did NOT replace word 'के' at index 33 as ',' is NOT a rare word.
context='- कचरा एकत्र करने के' ['लिए' / 'लिए']
	Did NOT replace word 'लिए' at index 34 as 'लिए' is NOT a rare word.
context='कचरा एकत्र करने के लिए' ['एक' / 'उपयोग']
	Did NOT replace word 'एक' at index 35 as 'उपयोग' is NOT a rare word.
context='एकत्र करने के लिए एक' ['संघ' / 'विधि']
	Did NOT replace word 'संघ' at index 36 as 'विधि' is NOT a rare word.
context='करने के लिए एक संघ' ['द्वारा' / 'होना']
	Did NOT replace word 'द्वारा' at index 37 as 'होना' is NOT a rare word.
context='के लिए एक संघ द्वारा' ['।' / 'बता']
	'बता' is a rare word.
	alignment('।')=[(10, 'individually'), (29, 'collect'), (8, 'Collection'), (31, '.')].
		Replaced 'individually' with 'telling', which is the alignment of 'बता'.
		Replaced 'collect' with 'telling', which is the alignment of 'बता'.
		Replaced 'Collection' with 'telling', which is the alignment of 'बता'.
		Replaced '.' with 'telling', which is the alignment of 'बता'.

augmented_src_doc='नियम में व्यक्तिगत रूप से या संयुक्त रूप से संग्रह केंद्र स्थापित करने का प्रावधान है ; या एक पंजीकृत समाज या एक नामित एजेंसी द्वारा ; या ई - कचरा एकत्र करने के लिए एक संघ द्वारा बता'
augmented_tgt_doc='The rule has provision for setting up of telling Centre telling or jointly ; or by a registered society or a designated agency ; or by an association to telling <unk> telling'
------------------------------
